<?xml version="1.0" encoding="UTF-8"?>
<!-- Generated by org.testng.reporters.JUnitXMLReporter -->
<testsuite ignored="0" hostname="Biswajit" failures="0" tests="13" name="TutorialNinja test cases" time="294.141" errors="0" timestamp="2022-12-16T16:20:26 IST">
  <testcase classname="com.tutorialNinja.testCases.SearchTest" name="verify_search_with_valid_product" time="2.936"/>
  <testcase classname="com.tutorialNinja.testCases.SearchTest" name="verify_search_with_invalid_product" time="0.673"/>
  <testcase classname="com.tutorialNinja.testCases.SearchTest" name="verify_search_without_putting_any_product_name" time="0.652"/>
  <testcase classname="com.tutorialNinja.testCases.LogInTest" name="verify_login_with_valid_credentials" time="1.065"/>
  <testcase classname="com.tutorialNinja.testCases.LogInTest" name="verify_login_with_valid_credentials" time="1.01"/>
  <testcase classname="com.tutorialNinja.testCases.LogInTest" name="verify_login_with_invalid_credential" time="1.396"/>
  <testcase classname="com.tutorialNinja.testCases.LogInTest" name="verify_login_with_only_valid_email" time="1.116"/>
  <testcase classname="com.tutorialNinja.testCases.LogInTest" name="verify_login_with_only_valid_password" time="7.271"/>
  <testcase classname="com.tutorialNinja.testCases.LogInTest" name="verify_login_without_any_credential" time="0.68"/>
  <testcase classname="com.tutorialNinja.testCases.RegisterTest" name="verify_registering_with_mandatory_field" time="2.06"/>
  <testcase classname="com.tutorialNinja.testCases.RegisterTest" name="verify_registration_with_all_the_field" time="1.797"/>
  <testcase classname="com.tutorialNinja.testCases.RegisterTest" name="verify_registration_with_an_existing_email" time="2.548"/>
  <testcase classname="com.tutorialNinja.testCases.RegisterTest" name="verify_registration_without_filling_any_mandatory_field" time="0.875"/>
</testsuite> <!-- TutorialNinja test cases -->
